2025-07-17 16:39:08,123 [INFO] Activator:176 - 


2025-07-17 16:39:08,126 [INFO] Activator:177 - !SESSION log4j initialized
2025-07-17 16:39:11,944 [INFO] LogOutputStream:77 - [STDOUT_REDIRECT] 
2025-07-17 16:39:20,026 [INFO] ApplicationProperties:184 - Using Application install path: C:\ST\STM32CubeIDE_1.18.0\STM32CubeIDE\plugins\com.st.stm32cube.common.mx_6.14.0.202502271554
2025-07-17 16:39:20,053 [INFO] DbMcusXml:78 - Set database path to: C:\ST\STM32CubeIDE_1.18.0\STM32CubeIDE\plugins\com.st.stm32cube.common.mx_6.14.0.202502271554\\db\/mcu/
2025-07-17 16:39:20,054 [INFO] ApiDb:274 - Set plugin database path to: C:\ST\STM32CubeIDE_1.18.0\STM32CubeIDE\plugins\com.st.stm32cube.common.mx_6.14.0.202502271554\\db\/plugins/boardmanager/
2025-07-17 16:39:20,054 [WARN] ApiDb:259 - Overriding images path with different value:  => C:\ST\STM32CubeIDE_1.18.0\STM32CubeIDE\plugins\com.st.stm32cube.common.mx_6.14.0.202502271554\\db\/plugins/mcufinder/images/
2025-07-17 16:39:20,067 [INFO] ApiDb:250 - Set database path to: C:\Users\mechi\.stmcufinder\plugins\mcufinder//mcu/
2025-07-17 16:39:20,068 [INFO] DbMcusAds:125 - Set database path to: C:\Users\mechi\.stmcufinder\plugins\mcufinder//mcu/
2025-07-17 16:39:20,071 [INFO] CrossReferenceDbSqlite:203 - Set database path to: C:\Users\mechi\.stmcufinder\plugins\mcufinder//mcu/cs/
2025-07-17 16:39:20,213 [INFO] RulesReader:64 - Compatibility file has been processed (301 Rules)
2025-07-17 16:39:20,358 [INFO] DbMcusXml:78 - Set database path to: C:\ST\STM32CubeIDE_1.18.0\STM32CubeIDE\plugins\com.st.stm32cube.common.mx_6.14.0.202502271554\\db\/mcu/
2025-07-17 16:39:20,358 [INFO] ApiDb:274 - Set plugin database path to: C:\ST\STM32CubeIDE_1.18.0\STM32CubeIDE\plugins\com.st.stm32cube.common.mx_6.14.0.202502271554\\db\/plugins/boardmanager/
2025-07-17 16:39:20,359 [INFO] ApiDb:261 - Set plugin images path to: C:\ST\STM32CubeIDE_1.18.0\STM32CubeIDE\plugins\com.st.stm32cube.common.mx_6.14.0.202502271554\\db\/plugins/mcufinder/images/
2025-07-17 16:39:20,359 [WARN] DbFile:41 - Overriding database path with different value: C:\Users\mechi\.stmcufinder\plugins\mcufinder/ => C:\Users\mechi\.stmcufinder\plugins\mcufinder
2025-07-17 16:39:20,359 [INFO] ApiDb:250 - Set database path to: C:\Users\mechi\.stmcufinder\plugins\mcufinder//mcu/
2025-07-17 16:39:20,359 [WARN] DbFile:41 - Overriding database path with different value: C:\Users\mechi\.stmcufinder\plugins\mcufinder/ => C:\Users\mechi\.stmcufinder\plugins\mcufinder
2025-07-17 16:39:20,359 [INFO] DbMcusAds:125 - Set database path to: C:\Users\mechi\.stmcufinder\plugins\mcufinder//mcu/
2025-07-17 16:39:20,359 [WARN] DbFile:41 - Overriding database path with different value: C:\Users\mechi\.stmcufinder\plugins\mcufinder/ => C:\Users\mechi\.stmcufinder\plugins\mcufinder
2025-07-17 16:39:20,359 [WARN] DbFile:41 - Overriding database path with different value: C:\Users\mechi\.stmcufinder\plugins\mcufinder/ => C:\Users\mechi\.stmcufinder\plugins\mcufinder
2025-07-17 16:39:20,360 [INFO] CrossReferenceDbSqlite:203 - Set database path to: C:\Users\mechi\.stmcufinder\plugins\mcufinder//mcu/cs/
2025-07-17 16:39:20,497 [INFO] MainPanel:272 - HeapMemory: 268435456
2025-07-17 16:39:20,664 [INFO] DbMcusXml:78 - Set database path to: C:\ST\STM32CubeIDE_1.18.0\STM32CubeIDE\plugins\com.st.stm32cube.common.mx_6.14.0.202502271554\\db\/mcu/
2025-07-17 16:39:20,664 [INFO] ApiDb:274 - Set plugin database path to: C:\ST\STM32CubeIDE_1.18.0\STM32CubeIDE\plugins\com.st.stm32cube.common.mx_6.14.0.202502271554\\db\/plugins/boardmanager/
2025-07-17 16:39:20,664 [INFO] ApiDb:261 - Set plugin images path to: C:\ST\STM32CubeIDE_1.18.0\STM32CubeIDE\plugins\com.st.stm32cube.common.mx_6.14.0.202502271554\\db\/plugins/mcufinder/images/
2025-07-17 16:39:20,664 [WARN] DbFile:41 - Overriding database path with different value: C:\Users\mechi\.stmcufinder\plugins\mcufinder/ => C:\Users\mechi\.stmcufinder\plugins\mcufinder
2025-07-17 16:39:20,665 [INFO] ApiDb:250 - Set database path to: C:\Users\mechi\.stmcufinder\plugins\mcufinder//mcu/
2025-07-17 16:39:20,665 [WARN] DbFile:41 - Overriding database path with different value: C:\Users\mechi\.stmcufinder\plugins\mcufinder/ => C:\Users\mechi\.stmcufinder\plugins\mcufinder
2025-07-17 16:39:20,665 [INFO] DbMcusAds:125 - Set database path to: C:\Users\mechi\.stmcufinder\plugins\mcufinder//mcu/
2025-07-17 16:39:20,665 [WARN] DbFile:41 - Overriding database path with different value: C:\Users\mechi\.stmcufinder\plugins\mcufinder/ => C:\Users\mechi\.stmcufinder\plugins\mcufinder
2025-07-17 16:39:20,665 [WARN] DbFile:41 - Overriding database path with different value: C:\Users\mechi\.stmcufinder\plugins\mcufinder/ => C:\Users\mechi\.stmcufinder\plugins\mcufinder
2025-07-17 16:39:20,665 [INFO] CrossReferenceDbSqlite:203 - Set database path to: C:\Users\mechi\.stmcufinder\plugins\mcufinder//mcu/cs/
2025-07-17 16:39:20,695 [INFO] ApplicationProperties:184 - Using Application install path: C:\ST\STM32CubeIDE_1.18.0\STM32CubeIDE\plugins\com.st.stm32cube.common.mx_6.14.0.202502271554
2025-07-17 16:39:20,696 [INFO] PluginManage:196 - Search for loadable plugins [exclusion list=, ]
2025-07-17 16:39:20,699 [INFO] PluginManage:310 - Check plugin analytics
2025-07-17 16:39:25,953 [INFO] AnalyticsPlugin:253 - Accepted Software Licenses: 
2025-07-17 16:39:25,954 [INFO] AnalyticsPlugin:255 - Accepted CMSIS Pack Licenses: 
2025-07-17 16:39:25,954 [INFO] AnalyticsPlugin:257 - Accepted Firmware Licenses: 
2025-07-17 16:39:25,960 [INFO] PluginManage:359 - Loaded plugin analytics (category:tool,tabindex:-1)
2025-07-17 16:39:25,961 [INFO] PluginManage:310 - Check plugin cadmodel
2025-07-17 16:39:25,971 [INFO] CADModel:105 - Init CAD model plugin
2025-07-17 16:39:25,972 [INFO] PluginManage:359 - Loaded plugin cadmodel (category:power,tabindex:5)
2025-07-17 16:39:25,972 [INFO] PluginManage:310 - Check plugin clock
2025-07-17 16:39:25,987 [INFO] PluginManage:359 - Loaded plugin clock (category:base,tabindex:2)
2025-07-17 16:39:25,988 [INFO] PluginManage:310 - Check plugin ddr
2025-07-17 16:39:25,992 [INFO] PluginManage:359 - Loaded plugin ddr (category:tool,tabindex:6)
2025-07-17 16:39:25,992 [INFO] PluginManage:310 - Check plugin filemanager
2025-07-17 16:39:26,286 [INFO] PluginManage:359 - Loaded plugin filemanager (category:base,tabindex:10)
2025-07-17 16:39:26,287 [INFO] PluginManage:310 - Check plugin ipmanager
2025-07-17 16:39:26,305 [INFO] PluginManage:359 - Loaded plugin ipmanager (category:base,tabindex:5)
2025-07-17 16:39:26,305 [INFO] PluginManage:310 - Check plugin lpbam
2025-07-17 16:39:26,317 [INFO] PluginManage:359 - Loaded plugin lpbam (category:base,tabindex:0)
2025-07-17 16:39:26,318 [INFO] PluginManage:310 - Check plugin memorymap
2025-07-17 16:39:26,340 [INFO] PluginManage:359 - Loaded plugin memorymap (category:base,tabindex:4)
2025-07-17 16:39:26,340 [INFO] PluginManage:310 - Check plugin pinoutandconfiguration
2025-07-17 16:39:26,351 [INFO] PluginManage:359 - Loaded plugin pinoutandconfiguration (category:base,tabindex:1)
2025-07-17 16:39:26,351 [INFO] PluginManage:310 - Check plugin pinoutconfig
2025-07-17 16:39:26,490 [WARN] SupportedApi:132 - Cannot load RTOS API schema: s4s-elt-must-match.1: The content of 'definitions' must match (annotation?, (simpleType | complexType)?, (unique | key | keyref)*)). A problem was found starting at: attribute.
2025-07-17 16:39:26,707 [INFO] PluginManage:359 - Loaded plugin pinoutconfig (category:base,tabindex:0)
2025-07-17 16:39:26,708 [INFO] PluginManage:310 - Check plugin power
2025-07-17 16:39:26,723 [INFO] PluginManage:359 - Loaded plugin power (category:power,tabindex:4)
2025-07-17 16:39:26,725 [INFO] PluginManage:310 - Check plugin projectmanager
2025-07-17 16:39:26,755 [INFO] PluginManage:359 - Loaded plugin projectmanager (category:projectmanager,tabindex:4)
2025-07-17 16:39:26,755 [INFO] PluginManage:310 - Check plugin rif
2025-07-17 16:39:26,766 [INFO] PluginManage:359 - Loaded plugin rif (category:base,tabindex:3)
2025-07-17 16:39:26,767 [INFO] PluginManage:310 - Check plugin thirdparty
2025-07-17 16:39:27,004 [INFO] PluginManage:359 - Loaded plugin thirdparty (category:base,tabindex:-1)
2025-07-17 16:39:27,004 [WARN] IntegrityCheckThread:84 - waiting for thirdparty lock release [integrity check]
2025-07-17 16:39:27,004 [INFO] PluginManage:310 - Check plugin tools
2025-07-17 16:39:27,004 [INFO] IntegrityCheckThread:86 - entering critical section [integrity check]
2025-07-17 16:39:27,005 [INFO] ThirdPartyUpdaterWithRetryManager:70 - Updater plugin not ready yet. [1/15]
2025-07-17 16:39:27,010 [INFO] PluginManage:359 - Loaded plugin tools (category:base,tabindex:7)
2025-07-17 16:39:27,010 [INFO] PluginManage:310 - Check plugin tutovideos
2025-07-17 16:39:27,289 [INFO] PluginManage:359 - Loaded plugin tutovideos (category:base,tabindex:-1)
2025-07-17 16:39:27,290 [INFO] PluginManage:310 - Check plugin updater
2025-07-17 16:39:27,322 [INFO] PluginManage:359 - Loaded plugin updater (category:base,tabindex:12)
2025-07-17 16:39:27,322 [INFO] PluginManage:310 - Check plugin userauth
2025-07-17 16:39:27,328 [INFO] UserAuth:118 - Init User Auth plugin
2025-07-17 16:39:27,329 [INFO] PluginManage:359 - Loaded plugin userauth (category:base,tabindex:14)
2025-07-17 16:39:27,330 [INFO] PluginManage:283 - PluginManage : Loaded plugins [18]
2025-07-17 16:39:27,634 [INFO] PinOutPanel:1589 - setPackage(No Configuration,No Configuration)
2025-07-17 16:39:27,778 [INFO] CADModel:165 - CPN selected for project level
2025-07-17 16:39:27,779 [INFO] CADModel:114 - Register for checkConnection events
2025-07-17 16:39:27,802 [INFO] IPUIPlugin:80 - create IPUIPlugin
2025-07-17 16:39:27,802 [INFO] PluginManager:220 - loadIPPluginJar : add adc
2025-07-17 16:39:27,809 [INFO] IPUIPlugin:80 - create IPUIPlugin
2025-07-17 16:39:27,809 [INFO] PluginManager:220 - loadIPPluginJar : add aes
2025-07-17 16:39:27,813 [INFO] IPUIPlugin:80 - create IPUIPlugin
2025-07-17 16:39:27,814 [INFO] PluginManager:220 - loadIPPluginJar : add can
2025-07-17 16:39:27,818 [INFO] IPUIPlugin:80 - create IPUIPlugin
2025-07-17 16:39:27,818 [INFO] PluginManager:220 - loadIPPluginJar : add comp
2025-07-17 16:39:27,822 [INFO] IPUIPlugin:80 - create IPUIPlugin
2025-07-17 16:39:27,823 [INFO] PluginManager:220 - loadIPPluginJar : add cryp
2025-07-17 16:39:27,829 [INFO] IPUIPlugin:80 - create IPUIPlugin
2025-07-17 16:39:27,829 [INFO] PluginManager:220 - loadIPPluginJar : add ddr_ctrl_phy
2025-07-17 16:39:27,834 [INFO] IPUIPlugin:80 - create IPUIPlugin
2025-07-17 16:39:27,834 [INFO] PluginManager:220 - loadIPPluginJar : add dfsdm
2025-07-17 16:39:27,842 [INFO] IPUIPlugin:80 - create IPUIPlugin
2025-07-17 16:39:27,843 [INFO] PluginManager:220 - loadIPPluginJar : add dma
2025-07-17 16:39:27,849 [INFO] IPUIPlugin:80 - create IPUIPlugin
2025-07-17 16:39:27,849 [INFO] PluginManager:220 - loadIPPluginJar : add dma3
2025-07-17 16:39:27,855 [INFO] IPUIPlugin:80 - create IPUIPlugin
2025-07-17 16:39:27,855 [INFO] PluginManager:220 - loadIPPluginJar : add extmemmanager
2025-07-17 16:39:27,858 [INFO] IPUIPlugin:80 - create IPUIPlugin
2025-07-17 16:39:27,858 [INFO] PluginManager:220 - loadIPPluginJar : add fatfs
2025-07-17 16:39:27,865 [INFO] IPUIPlugin:80 - create IPUIPlugin
2025-07-17 16:39:27,865 [INFO] PluginManager:220 - loadIPPluginJar : add fmc
2025-07-17 16:39:27,873 [INFO] IPUIPlugin:80 - create IPUIPlugin
2025-07-17 16:39:27,874 [INFO] PluginManager:220 - loadIPPluginJar : add freertos
2025-07-17 16:39:27,877 [INFO] IPUIPlugin:80 - create IPUIPlugin
2025-07-17 16:39:27,877 [INFO] PluginManager:220 - loadIPPluginJar : add genericplugin
2025-07-17 16:39:27,882 [INFO] IPUIPlugin:80 - create IPUIPlugin
2025-07-17 16:39:27,882 [INFO] PluginManager:220 - loadIPPluginJar : add gfxmmu
2025-07-17 16:39:27,891 [INFO] IPUIPlugin:80 - create IPUIPlugin
2025-07-17 16:39:27,891 [INFO] PluginManager:220 - loadIPPluginJar : add gic
2025-07-17 16:39:27,898 [INFO] IPUIPlugin:80 - create IPUIPlugin
2025-07-17 16:39:27,899 [INFO] PluginManager:220 - loadIPPluginJar : add gpio
2025-07-17 16:39:27,904 [INFO] IPUIPlugin:80 - create IPUIPlugin
2025-07-17 16:39:27,904 [INFO] PluginManager:220 - loadIPPluginJar : add gtzc
2025-07-17 16:39:27,910 [INFO] IPUIPlugin:80 - create IPUIPlugin
2025-07-17 16:39:27,910 [INFO] PluginManager:220 - loadIPPluginJar : add hash
2025-07-17 16:39:27,916 [INFO] IPUIPlugin:80 - create IPUIPlugin
2025-07-17 16:39:27,917 [INFO] PluginManager:220 - loadIPPluginJar : add i2c
2025-07-17 16:39:27,923 [INFO] IPUIPlugin:80 - create IPUIPlugin
2025-07-17 16:39:27,923 [INFO] PluginManager:220 - loadIPPluginJar : add i2s
2025-07-17 16:39:27,927 [INFO] IPUIPlugin:80 - create IPUIPlugin
2025-07-17 16:39:27,927 [INFO] PluginManager:220 - loadIPPluginJar : add i3c
2025-07-17 16:39:27,933 [INFO] IPUIPlugin:80 - create IPUIPlugin
2025-07-17 16:39:27,933 [INFO] PluginManager:220 - loadIPPluginJar : add ipddr
2025-07-17 16:39:27,943 [INFO] IPUIPlugin:80 - create IPUIPlugin
2025-07-17 16:39:27,944 [INFO] PluginManager:220 - loadIPPluginJar : add linkedlist
2025-07-17 16:39:27,949 [INFO] IPUIPlugin:80 - create IPUIPlugin
2025-07-17 16:39:27,950 [INFO] PluginManager:220 - loadIPPluginJar : add lorawan
2025-07-17 16:39:27,952 [INFO] IPUIPlugin:80 - create IPUIPlugin
2025-07-17 16:39:27,953 [INFO] PluginManager:220 - loadIPPluginJar : add ltdc
2025-07-17 16:39:27,960 [INFO] IPUIPlugin:80 - create IPUIPlugin
2025-07-17 16:39:27,961 [INFO] PluginManager:220 - loadIPPluginJar : add mdma
2025-07-17 16:39:27,967 [INFO] IPUIPlugin:80 - create IPUIPlugin
2025-07-17 16:39:27,967 [INFO] PluginManager:220 - loadIPPluginJar : add nvic
2025-07-17 16:39:27,972 [INFO] IPUIPlugin:80 - create IPUIPlugin
2025-07-17 16:39:27,972 [INFO] PluginManager:220 - loadIPPluginJar : add opamp
2025-07-17 16:39:27,978 [INFO] IPUIPlugin:80 - create IPUIPlugin
2025-07-17 16:39:27,978 [INFO] PluginManager:220 - loadIPPluginJar : add openamp
2025-07-17 16:39:27,984 [INFO] IPUIPlugin:80 - create IPUIPlugin
2025-07-17 16:39:27,984 [INFO] PluginManager:220 - loadIPPluginJar : add pdm2pcm
2025-07-17 16:39:27,993 [INFO] IPUIPlugin:80 - create IPUIPlugin
2025-07-17 16:39:27,996 [INFO] PluginManager:220 - loadIPPluginJar : add plateformsettings
2025-07-17 16:39:27,999 [INFO] IPUIPlugin:80 - create IPUIPlugin
2025-07-17 16:39:27,999 [INFO] PluginManager:220 - loadIPPluginJar : add quadspi
2025-07-17 16:39:28,003 [INFO] IPUIPlugin:80 - create IPUIPlugin
2025-07-17 16:39:28,004 [INFO] PluginManager:220 - loadIPPluginJar : add radio
2025-07-17 16:39:28,010 [INFO] IPUIPlugin:80 - create IPUIPlugin
2025-07-17 16:39:28,010 [INFO] PluginManager:220 - loadIPPluginJar : add resmgrutility
2025-07-17 16:39:28,014 [INFO] IPUIPlugin:80 - create IPUIPlugin
2025-07-17 16:39:28,015 [INFO] PluginManager:220 - loadIPPluginJar : add sai
2025-07-17 16:39:28,019 [INFO] IPUIPlugin:80 - create IPUIPlugin
2025-07-17 16:39:28,019 [INFO] PluginManager:220 - loadIPPluginJar : add spi
2025-07-17 16:39:28,028 [INFO] IPUIPlugin:80 - create IPUIPlugin
2025-07-17 16:39:28,028 [INFO] PluginManager:220 - loadIPPluginJar : add stm32_wpan
2025-07-17 16:39:28,031 [INFO] IPUIPlugin:80 - create IPUIPlugin
2025-07-17 16:39:28,031 [INFO] PluginManager:220 - loadIPPluginJar : add tim
2025-07-17 16:39:28,036 [INFO] IPUIPlugin:80 - create IPUIPlugin
2025-07-17 16:39:28,037 [INFO] PluginManager:220 - loadIPPluginJar : add touchsensing
2025-07-17 16:39:28,041 [INFO] IPUIPlugin:80 - create IPUIPlugin
2025-07-17 16:39:28,042 [INFO] PluginManager:220 - loadIPPluginJar : add tracer_emb
2025-07-17 16:39:28,046 [INFO] IPUIPlugin:80 - create IPUIPlugin
2025-07-17 16:39:28,046 [INFO] PluginManager:220 - loadIPPluginJar : add ts
2025-07-17 16:39:28,050 [INFO] IPUIPlugin:80 - create IPUIPlugin
2025-07-17 16:39:28,050 [INFO] PluginManager:220 - loadIPPluginJar : add tsc
2025-07-17 16:39:28,054 [INFO] IPUIPlugin:80 - create IPUIPlugin
2025-07-17 16:39:28,055 [INFO] PluginManager:220 - loadIPPluginJar : add ucpd
2025-07-17 16:39:28,061 [INFO] IPUIPlugin:80 - create IPUIPlugin
2025-07-17 16:39:28,061 [INFO] PluginManager:220 - loadIPPluginJar : add usart
2025-07-17 16:39:28,067 [INFO] IPUIPlugin:80 - create IPUIPlugin
2025-07-17 16:39:28,067 [INFO] PluginManager:220 - loadIPPluginJar : add usbx
2025-07-17 16:39:28,238 [FATAL] Updater:351 - Updater called before beeing initialized
2025-07-17 16:39:28,273 [INFO] RulesReader:64 - Compatibility file has been processed (301 Rules)
2025-07-17 16:39:28,287 [INFO] RulesReader:64 - Compatibility file has been processed (301 Rules)
2025-07-17 16:39:28,299 [INFO] CADModel:165 - CPN selected for project level
2025-07-17 16:39:28,299 [INFO] CADModel:114 - Register for checkConnection events
2025-07-17 16:39:28,299 [FATAL] Updater:351 - Updater called before beeing initialized
2025-07-17 16:39:28,300 [ERROR] CADModel:125 - Updater not yet initialized, retry later 
2025-07-17 16:39:28,517 [FATAL] Updater:351 - Updater called before beeing initialized
2025-07-17 16:39:28,520 [INFO] CADModel:165 - CPN selected for project level
2025-07-17 16:39:28,520 [INFO] CADModel:114 - Register for checkConnection events
2025-07-17 16:39:28,520 [FATAL] Updater:351 - Updater called before beeing initialized
2025-07-17 16:39:28,520 [ERROR] CADModel:125 - Updater not yet initialized, retry later 
2025-07-17 16:39:28,524 [FATAL] Updater:351 - Updater called before beeing initialized
2025-07-17 16:39:28,748 [FATAL] Updater:351 - Updater called before beeing initialized
2025-07-17 16:39:28,754 [INFO] DbMcusAds:53 - JSON generation date=Wed May 07 06:07:55 ART 2025 (1746608875484)
2025-07-17 16:39:28,755 [FATAL] Updater:351 - Updater called before beeing initialized
2025-07-17 16:39:28,806 [WARN] DetailPanel:346 - Failed to get advertising image, set to default
2025-07-17 16:39:29,118 [FATAL] Updater:351 - Updater called before beeing initialized
2025-07-17 16:39:29,120 [FATAL] Updater:351 - Updater called before beeing initialized
2025-07-17 16:39:29,121 [FATAL] Updater:351 - Updater called before beeing initialized
2025-07-17 16:39:29,121 [WARN] DetailPanel:346 - Failed to get advertising image, set to default
2025-07-17 16:39:29,122 [FATAL] Updater:351 - Updater called before beeing initialized
2025-07-17 16:39:29,189 [ERROR] Updater:1198 - MainUpdater not yet initialized. External WinMGr cannot be set.
2025-07-17 16:39:29,193 [INFO] Updater:1134 - Updater Version found : 6.14.0
2025-07-17 16:39:29,212 [INFO] ApplicationProperties:184 - Using Application install path: C:\ST\STM32CubeIDE_1.18.0\STM32CubeIDE\plugins\com.st.stm32cube.common.mx_6.14.0.202502271554
2025-07-17 16:39:30,008 [INFO] ThirdPartyUpdaterWithRetryManager:70 - Updater plugin not ready yet. [2/15]
2025-07-17 16:39:30,792 [ERROR] LogOutputStream:75 - [STDERR_REDIRECT] Jul 17, 2025 4:39:30 PM java.util.prefs.WindowsPreferences <init>
2025-07-17 16:39:30,794 [ERROR] LogOutputStream:75 - [STDERR_REDIRECT] WARNING: Could not open/create prefs root node Software\JavaSoft\Prefs at root 0xffffffff80000002. Windows RegCreateKeyEx(...) returned error code 5.
2025-07-17 16:39:30,794 [ERROR] LogOutputStream:75 - [STDERR_REDIRECT] 
2025-07-17 16:39:31,307 [INFO] MainUpdater:2872 - connection check result : 10
2025-07-17 16:39:31,309 [INFO] MainUpdater:289 - Updater Check For Update Now.
2025-07-17 16:39:31,309 [INFO] MicroXplorer:498 - Change Database Version : DB.6.0.140
2025-07-17 16:39:31,318 [INFO] McuFinderGlobals:63 - Set McuFinder mode to 2 (CubeIDE integrated)
2025-07-17 16:39:31,318 [INFO] UserAuth:171 - activating auth plugin
2025-07-17 16:39:31,326 [INFO] UserAuth:486 - Internet connection configuration mode: 1
2025-07-17 16:39:31,362 [INFO] JxBrowserEngine:152 - Initiate JxBrowser Engine with user profile folder
2025-07-17 16:39:31,532 [INFO] CheckServerUpdateThread:120 - End of CheckServer Thread
2025-07-17 16:39:32,499 [INFO] WebApp:169 - Instantiating new browser for Auth
2025-07-17 16:39:33,581 [WARN] PackLoader:240 - Cannot read IP mode file for STMicroelectronics.FP-SNS-MOTENVWB1.1.4.0
2025-07-17 16:39:33,595 [WARN] PackLoader:240 - Cannot read IP mode file for STMicroelectronics.FP-ATR-ASTRA1.2.0.2
2025-07-17 16:39:33,611 [WARN] PackLoader:240 - Cannot read IP mode file for STMicroelectronics.X-CUBE-SMBUS.2.1.0
2025-07-17 16:39:33,625 [WARN] PackLoader:240 - Cannot read IP mode file for STMicroelectronics.X-CUBE-WB05N.1.1.0
2025-07-17 16:39:33,637 [WARN] PackLoader:240 - Cannot read IP mode file for STMicroelectronics.X-CUBE-ST60.1.0.0
2025-07-17 16:39:33,690 [WARN] PackLoader:240 - Cannot read IP mode file for STMicroelectronics.X-CUBE-AZRTOS-F7.1.1.0
2025-07-17 16:39:33,748 [WARN] PackLoader:240 - Cannot read IP mode file for Infineon.AIROC-Wi-Fi-Bluetooth-STM32.1.7.0
2025-07-17 16:39:33,791 [WARN] PackLoader:240 - Cannot read IP mode file for STMicroelectronics.X-CUBE-AZRTOS-H7.3.4.0
2025-07-17 16:39:33,812 [WARN] PackLoader:240 - Cannot read IP mode file for STMicroelectronics.X-CUBE-DISPLAY.3.0.0
2025-07-17 16:39:33,829 [WARN] PackLoader:240 - Cannot read IP mode file for STMicroelectronics.X-CUBE-NFC10.1.0.0
2025-07-17 16:39:33,847 [WARN] PackLoader:240 - Cannot read IP mode file for STMicroelectronics.X-CUBE-BLEMGR.4.0.0
2025-07-17 16:39:33,861 [WARN] PackLoader:240 - Cannot read IP mode file for emotas.I-CUBE-CANOPEN.1.3.0
2025-07-17 16:39:33,871 [WARN] ConditionMgr:438 - getConditionDescription Invalid condition id : Cortex-A Device cause : null
2025-07-17 16:39:33,952 [WARN] ConditionMgr:1044 - genDependencies : Invalid condition id : Cortex-A Device cause : null
2025-07-17 16:39:33,953 [WARN] ConditionMgr:1044 - genDependencies : Invalid condition id : Cortex-A Device cause : null
2025-07-17 16:39:33,954 [WARN] ConditionMgr:1044 - genDependencies : Invalid condition id : Cortex-A Device cause : null
2025-07-17 16:39:33,989 [WARN] PackLoader:240 - Cannot read IP mode file for STMicroelectronics.X-CUBE-AI.10.0.0
2025-07-17 16:39:34,000 [WARN] PackLoader:240 - Cannot read IP mode file for STMicroelectronics.FP-SNS-SMARTAG2.1.2.0
2025-07-17 16:39:34,013 [WARN] PackLoader:240 - Cannot read IP mode file for STMicroelectronics.FP-SNS-FLIGHT1.5.1.0
2025-07-17 16:39:34,080 [WARN] PackLoader:240 - Cannot read IP mode file for STMicroelectronics.X-CUBE-MEMS1.11.1.0
2025-07-17 16:39:34,265 [INFO] LogOutputStream:77 - [STDOUT_REDIRECT] 1 : Invalid condition id : UX_CORESTACK_Condition cause : null
2025-07-17 16:39:34,266 [INFO] LogOutputStream:77 - [STDOUT_REDIRECT] 1 : Invalid condition id : UX_CORESTACK_Condition cause : null
2025-07-17 16:39:34,269 [INFO] LogOutputStream:77 - [STDOUT_REDIRECT] 1 : Invalid condition id : UX_CORESTACK_Condition cause : null
2025-07-17 16:39:34,272 [INFO] LogOutputStream:77 - [STDOUT_REDIRECT] 1 : Invalid condition id : UX_CORESTACK_Condition cause : null
2025-07-17 16:39:34,274 [INFO] LogOutputStream:77 - [STDOUT_REDIRECT] 1 : Invalid condition id : UX_CORESTACK_Condition cause : null
2025-07-17 16:39:34,278 [WARN] PackLoader:240 - Cannot read IP mode file for STMicroelectronics.X-CUBE-AZRTOS-WL.2.0.0
2025-07-17 16:39:34,294 [WARN] PackLoader:240 - Cannot read IP mode file for STMicroelectronics.FP-SNS-MOTENV1.5.0.0
2025-07-17 16:39:34,344 [WARN] PackLoader:240 - Cannot read IP mode file for WES.I-CUBE-Cesium.1.3.0
2025-07-17 16:39:34,354 [WARN] PackLoader:240 - Cannot read IP mode file for STMicroelectronics.X-CUBE-BLE2.3.3.0
2025-07-17 16:39:34,366 [WARN] PackLoader:240 - Cannot read IP mode file for STMicroelectronics.X-CUBE-NFC9.1.0.0
2025-07-17 16:39:34,378 [WARN] PackLoader:240 - Cannot read IP mode file for STMicroelectronics.X-CUBE-BLE1.7.1.0
2025-07-17 16:39:34,388 [WARN] PackLoader:240 - Cannot read IP mode file for wolfSSL.I-CUBE-wolfMQTT.1.19.2
2025-07-17 16:39:34,399 [WARN] PackLoader:240 - Cannot read IP mode file for STMicroelectronics.X-CUBE-EEPRMA1.5.2.0
2025-07-17 16:39:34,405 [INFO] WebApp:463 - Apply proxy settings
2025-07-17 16:39:34,406 [INFO] WebApp:548 - Chromium requires no authentication
2025-07-17 16:39:34,408 [WARN] PackLoader:240 - Cannot read IP mode file for STMicroelectronics.X-CUBE-AI.10.1.0
2025-07-17 16:39:34,423 [INFO] WebApp:491 - Direct internet connection detected
2025-07-17 16:39:34,472 [WARN] PackLoader:240 - Cannot read IP mode file for STMicroelectronics.X-CUBE-MEMS1.11.2.0
2025-07-17 16:39:34,487 [INFO] WebApp:894 - Register for checkConnection events
2025-07-17 16:39:34,488 [INFO] WebApp:463 - Apply proxy settings
2025-07-17 16:39:34,489 [INFO] WebApp:548 - Chromium requires no authentication
2025-07-17 16:39:34,490 [INFO] WebApp:491 - Direct internet connection detected
2025-07-17 16:39:34,588 [WARN] PackLoader:240 - Cannot read IP mode file for STMicroelectronics.X-CUBE-AZRTOS-G0.1.1.0
2025-07-17 16:39:34,597 [WARN] PackLoader:240 - Cannot read IP mode file for STMicroelectronics.X-CUBE-SAFEA1.1.2.2
2025-07-17 16:39:34,606 [WARN] PackLoader:240 - Cannot read IP mode file for STMicroelectronics.X-CUBE-NFC4.3.0.0
2025-07-17 16:39:34,617 [WARN] PackLoader:240 - Cannot read IP mode file for EmbeddedOffice.I-CUBE-FS-RTOS.1.0.1
2025-07-17 16:39:34,625 [WARN] PackLoader:240 - Cannot read IP mode file for STMicroelectronics.X-CUBE-WB05N.2.0.0
2025-07-17 16:39:34,632 [WARN] PackLoader:240 - Cannot read IP mode file for wolfSSL.I-CUBE-wolfTPM.3.8.0
2025-07-17 16:39:34,641 [WARN] PackLoader:240 - Cannot read IP mode file for STMicroelectronics.X-CUBE-TCPP.4.2.0
2025-07-17 16:39:34,652 [WARN] PackLoader:240 - Cannot read IP mode file for RealThread.X-CUBE-RT-Thread_Nano.4.1.1
2025-07-17 16:39:34,661 [WARN] PackLoader:240 - Cannot read IP mode file for STMicroelectronics.FP-ATR-SIGFOX1.3.2.0
2025-07-17 16:39:34,669 [WARN] PackLoader:240 - Cannot read IP mode file for STMicroelectronics.X-CUBE-EEPRMA1.5.1.0
2025-07-17 16:39:34,678 [WARN] PackLoader:240 - Cannot read IP mode file for wolfSSL.I-CUBE-wolfSSL.5.7.6
2025-07-17 16:39:34,689 [WARN] PackLoader:240 - Cannot read IP mode file for ITTIA_DB.I-CUBE-ITTIADB.8.9.0
2025-07-17 16:39:34,699 [WARN] PackLoader:240 - Cannot read IP mode file for STMicroelectronics.X-CUBE-ST67W61.1.0.0
2025-07-17 16:39:34,728 [WARN] PackLoader:240 - Cannot read IP mode file for SEGGER.I-CUBE-embOS.1.3.1
2025-07-17 16:39:34,780 [WARN] PackLoader:240 - Cannot read IP mode file for STMicroelectronics.X-CUBE-ALGOBUILD.1.4.0
2025-07-17 16:39:34,792 [INFO] WebApp:191 - Connection restablished
2025-07-17 16:39:34,834 [WARN] PackLoader:240 - Cannot read IP mode file for STMicroelectronics.X-CUBE-MEMS1.11.3.0
2025-07-17 16:39:34,899 [INFO] WebApp:225 - Starting web application
2025-07-17 16:39:34,899 [INFO] WebApp:593 - Web application path used C:\ST\STM32CubeIDE_1.18.0\STM32CubeIDE\plugins\com.st.stm32cube.common.mx_6.14.0.202502271554\db\plugins\mcufinder\reactClient1\index.html
2025-07-17 16:39:34,987 [WARN] PackLoader:240 - Cannot read IP mode file for STMicroelectronics.X-CUBE-PM33A1.1.0.0
2025-07-17 16:39:35,007 [WARN] PackLoader:240 - Cannot read IP mode file for STMicroelectronics.X-CUBE-AZRTOS-F4.1.1.0
2025-07-17 16:39:35,019 [WARN] PackLoader:240 - Cannot read IP mode file for Avnet-IotConnect.X-CUBE-IoTC-DA16k-PMOD.1.0.0
2025-07-17 16:39:35,026 [WARN] PackLoader:240 - Cannot read IP mode file for STMicroelectronics.X-CUBE-ISPU.2.1.0
2025-07-17 16:39:35,036 [WARN] PackLoader:240 - Cannot read IP mode file for STMicroelectronics.X-CUBE-NFC12.1.0.0
2025-07-17 16:39:35,055 [WARN] PackLoader:240 - Cannot read IP mode file for STMicroelectronics.X-CUBE-AZRTOS-L5.2.0.0
2025-07-17 16:39:35,077 [WARN] PackLoader:240 - Cannot read IP mode file for STMicroelectronics.X-CUBE-NFC6.3.1.0
2025-07-17 16:39:35,092 [WARN] PackLoader:240 - Cannot read IP mode file for STMicroelectronics.X-CUBE-DPower.1.2.0
2025-07-17 16:39:35,101 [WARN] PackLoader:240 - Cannot read IP mode file for STMicroelectronics.X-CUBE-FREERTOS.1.3.1
2025-07-17 16:39:35,108 [WARN] PackLoader:240 - Cannot read IP mode file for STMicroelectronics.X-CUBE-FREERTOS.1.3.0
2025-07-17 16:39:35,117 [WARN] PackLoader:240 - Cannot read IP mode file for STMicroelectronics.X-CUBE-NFC7.1.0.1
2025-07-17 16:39:35,129 [WARN] PackLoader:240 - Cannot read IP mode file for STMicroelectronics.FP-SNS-STAIOTCFT.1.0.0
2025-07-17 16:39:35,136 [WARN] PackLoader:240 - Cannot read IP mode file for STMicroelectronics.X-CUBE-DPower.1.3.0
2025-07-17 16:39:35,176 [WARN] ConditionMgr:438 - getConditionDescription Invalid condition id : LAN8742 Phy interface Condition cause : null
2025-07-17 16:39:35,177 [WARN] PackLoader:240 - Cannot read IP mode file for STMicroelectronics.X-CUBE-AZRTOS-L4.2.0.0
2025-07-17 16:39:35,179 [WARN] ConditionMgr:1044 - genDependencies : Invalid condition id : LAN8742 Phy interface Condition cause : null
2025-07-17 16:39:35,179 [WARN] ConditionMgr:1044 - genDependencies : Invalid condition id : LAN8742 Phy interface Condition cause : null
2025-07-17 16:39:35,180 [WARN] ConditionMgr:1044 - genDependencies : Invalid condition id : LAN8742 Phy interface Condition cause : null
2025-07-17 16:39:35,193 [WARN] PackLoader:240 - Cannot read IP mode file for STMicroelectronics.X-CUBE-SFXS2LP1.4.0.0
2025-07-17 16:39:35,216 [WARN] PackLoader:240 - Cannot read IP mode file for STMicroelectronics.X-CUBE-AZRTOS-H7.3.3.0
2025-07-17 16:39:35,231 [WARN] PackLoader:240 - Cannot read IP mode file for STMicroelectronics.X-CUBE-BLEMGR.4.1.0
2025-07-17 16:39:35,250 [WARN] ConditionMgr:438 - getConditionDescription Invalid condition id : UX DEVICE CLASS RTOS Condition cause : null
2025-07-17 16:39:35,251 [WARN] ConditionMgr:438 - getConditionDescription Invalid condition id : UX DEVICE CLASS RTOS Condition cause : null
2025-07-17 16:39:35,254 [WARN] PackLoader:240 - Cannot read IP mode file for STMicroelectronics.X-CUBE-AZRTOS-WB.2.0.0
2025-07-17 16:39:35,255 [WARN] ConditionMgr:1044 - genDependencies : Invalid condition id : UX DEVICE CLASS RTOS Condition cause : null
2025-07-17 16:39:35,255 [WARN] ConditionMgr:1044 - genDependencies : Invalid condition id : UX DEVICE CLASS RTOS Condition cause : null
2025-07-17 16:39:35,257 [WARN] ConditionMgr:1044 - genDependencies : Invalid condition id : UX DEVICE CLASS RTOS Condition cause : null
2025-07-17 16:39:35,257 [WARN] ConditionMgr:1044 - genDependencies : Invalid condition id : UX DEVICE CLASS RTOS Condition cause : null
2025-07-17 16:39:35,258 [WARN] ConditionMgr:1044 - genDependencies : Invalid condition id : UX DEVICE CLASS RTOS Condition cause : null
2025-07-17 16:39:35,269 [WARN] PackLoader:240 - Cannot read IP mode file for STMicroelectronics.X-CUBE-GNSS1.7.0.1
2025-07-17 16:39:35,281 [WARN] PackLoader:240 - Cannot read IP mode file for STMicroelectronics.X-CUBE-TOUCHGFX.4.25.0
2025-07-17 16:39:35,293 [WARN] PackLoader:240 - Cannot read IP mode file for STMicroelectronics.FP-SNS-STBOX1.2.0.0
2025-07-17 16:39:35,309 [WARN] PackLoader:240 - Cannot read IP mode file for STMicroelectronics.X-CUBE-SUBG2.5.0.0
2025-07-17 16:39:35,335 [WARN] PackLoader:240 - Cannot read IP mode file for STMicroelectronics.X-CUBE-AZRTOS-H7RS.1.1.0
2025-07-17 16:39:35,347 [WARN] PackLoader:240 - Cannot read IP mode file for Cesanta.I-CUBE-Mongoose.7.13.0
2025-07-17 16:39:35,364 [WARN] PackLoader:240 - Cannot read IP mode file for STMicroelectronics.X-CUBE-AZRTOS-G4.2.0.0
2025-07-17 16:39:35,374 [WARN] PackLoader:240 - Cannot read IP mode file for wolfSSL.I-CUBE-wolfSSH.1.4.20
2025-07-17 16:39:35,380 [WARN] PackLoader:240 - Cannot read IP mode file for STMicroelectronics.X-CUBE-NFC7.2.0.0
2025-07-17 16:39:35,396 [WARN] PackLoader:240 - Cannot read IP mode file for STMicroelectronics.X-CUBE-IPS.3.1.0
2025-07-17 16:39:35,409 [WARN] PackLoader:240 - Cannot read IP mode file for STMicroelectronics.X-CUBE-ALS.1.0.2
2025-07-17 16:39:35,420 [WARN] PackLoader:240 - Cannot read IP mode file for portGmbH.I-Cube-SoM-uGOAL.1.1.0
2025-07-17 16:39:35,439 [WARN] PackLoader:240 - Cannot read IP mode file for STMicroelectronics.X-CUBE-AZRTOS-H7RS.1.0.0
2025-07-17 16:39:35,456 [WARN] PackLoader:240 - Cannot read IP mode file for STMicroelectronics.X-CUBE-TOF1.3.4.2
2025-07-17 16:39:35,480 [WARN] PackLoader:240 - Cannot read IP mode file for STMicroelectronics.X-CUBE-TOF1.3.4.3
2025-07-17 16:39:35,491 [INFO] ThirdParty:978 - Integrity check success = true
2025-07-17 16:39:35,492 [INFO] IntegrityCheckThread:100 - exiting critical section [integrity check]
2025-07-17 16:39:35,492 [INFO] IntegrityCheckThread:103 - End integrity checks thread
